{"uid":"2f264e16d44bfbb4","name":"testFindAll()","fullName":"org.kinotic.structures.tests.core.entity.EntityCrudTests.testFindAll","historyId":"c597f3e24c53250e75093453827f1e61","time":{"start":1770533705491,"stop":1770533705784,"duration":293},"description":"","status":"failed","statusMessage":"expectation \"expectNextMatches\" failed (expected: onNext(); actual: onError(java.lang.IllegalStateException: Expected exactly one entity to be returned, got 0))","statusTrace":"java.lang.AssertionError: expectation \"expectNextMatches\" failed (expected: onNext(); actual: onError(java.lang.IllegalStateException: Expected exactly one entity to be returned, got 0))\n\tat reactor.test.MessageFormatter.assertionError(MessageFormatter.java:115)\n\tat reactor.test.MessageFormatter.failPrefix(MessageFormatter.java:104)\n\tat reactor.test.MessageFormatter.fail(MessageFormatter.java:73)\n\tat reactor.test.MessageFormatter.failOptional(MessageFormatter.java:88)\n\tat reactor.test.DefaultStepVerifierBuilder.lambda$expectNextMatches$0(DefaultStepVerifierBuilder.java:561)\n\tat reactor.test.DefaultStepVerifierBuilder$SignalEvent.test(DefaultStepVerifierBuilder.java:2339)\n\tat reactor.test.DefaultStepVerifierBuilder$DefaultVerifySubscriber.onSignal(DefaultStepVerifierBuilder.java:1554)\n\tat reactor.test.DefaultStepVerifierBuilder$DefaultVerifySubscriber.onExpectation(DefaultStepVerifierBuilder.java:1501)\n\tat reactor.test.DefaultStepVerifierBuilder$DefaultVerifySubscriber.onError(DefaultStepVerifierBuilder.java:1151)\n\tat reactor.core.publisher.MonoCompletionStage$MonoCompletionStageSubscription.apply(MonoCompletionStage.java:115)\n\tat reactor.core.publisher.MonoCompletionStage$MonoCompletionStageSubscription.apply(MonoCompletionStage.java:67)\n\tat java.base/java.util.concurrent.CompletableFuture.uniHandle(CompletableFuture.java:934)\n\tat java.base/java.util.concurrent.CompletableFuture$UniHandle.tryFire(CompletableFuture.java:911)\n\tat java.base/java.util.concurrent.CompletableFuture.postComplete(CompletableFuture.java:510)\n\tat java.base/java.util.concurrent.CompletableFuture.postFire(CompletableFuture.java:614)\n\tat java.base/java.util.concurrent.CompletableFuture$UniCompose.tryFire(CompletableFuture.java:1163)\n\tat java.base/java.util.concurrent.CompletableFuture$Completion.exec(CompletableFuture.java:483)\n\tat java.base/java.util.concurrent.ForkJoinTask.doExec(ForkJoinTask.java:387)\n\tat java.base/java.util.concurrent.ForkJoinPool$WorkQueue.topLevelExec(ForkJoinPool.java:1312)\n\tat java.base/java.util.concurrent.ForkJoinPool.scan(ForkJoinPool.java:1843)\n\tat java.base/java.util.concurrent.ForkJoinPool.runWorker(ForkJoinPool.java:1808)\n\tat java.base/java.util.concurrent.ForkJoinWorkerThread.run(ForkJoinWorkerThread.java:188)\n\tSuppressed: java.lang.IllegalStateException: Expected exactly one entity to be returned, got 0\n\t\tat org.kinotic.structures.internal.api.hooks.impl.AbstractJsonUpsertPreProcessor.lambda$process$0(AbstractJsonUpsertPreProcessor.java:59)\n\t\tat java.base/java.util.concurrent.CompletableFuture.uniApplyNow(CompletableFuture.java:684)\n\t\tat java.base/java.util.concurrent.CompletableFuture.uniApplyStage(CompletableFuture.java:662)\n\t\tat java.base/java.util.concurrent.CompletableFuture.thenApply(CompletableFuture.java:2200)\n\t\tat org.kinotic.structures.internal.api.hooks.impl.AbstractJsonUpsertPreProcessor.process(AbstractJsonUpsertPreProcessor.java:57)\n\t\tat org.kinotic.structures.internal.api.hooks.impl.TokenBufferUpsertPreProcessor.process(TokenBufferUpsertPreProcessor.java:39)\n\t\tat org.kinotic.structures.internal.api.hooks.DelegatingUpsertPreProcessor.process(DelegatingUpsertPreProcessor.java:58)\n\t\tat org.kinotic.structures.internal.api.services.impl.DefaultEntityService.lambda$doPersist$87(DefaultEntityService.java:657)\n\t\tat java.base/java.util.concurrent.CompletableFuture.uniComposeStage(CompletableFuture.java:1187)\n\t\tat java.base/java.util.concurrent.CompletableFuture.thenCompose(CompletableFuture.java:2341)\n\t\tat org.kinotic.structures.internal.api.services.impl.DefaultEntityService.doPersist(DefaultEntityService.java:657)\n\t\tat org.kinotic.structures.internal.api.services.impl.DefaultEntityService.save(DefaultEntityService.java:319)\n\t\tat org.kinotic.structures.internal.api.services.impl.DefaultEntitiesService.lambda$save$15(DefaultEntitiesService.java:207)\n\t\tat java.base/java.util.concurrent.CompletableFuture$UniCompose.tryFire(CompletableFuture.java:1150)\n\t\t... 9 more\n","flaky":true,"newFailed":true,"newBroken":false,"newPassed":false,"retriesCount":0,"retriesStatusChange":false,"beforeStages":[],"afterStages":[],"labels":[{"name":"parentSuite","value":"Structures Core"},{"name":"junit.platform.uniqueid","value":"[engine:junit-jupiter]/[class:org.kinotic.structures.tests.core.entity.EntityCrudTests]/[method:testFindAll()]"},{"name":"host","value":"runnervmwffz4"},{"name":"thread","value":"3336@runnervmwffz4.Test worker(1)"},{"name":"framework","value":"junit-platform"},{"name":"language","value":"java"},{"name":"package","value":"org.kinotic.structures.tests.core.entity.EntityCrudTests"},{"name":"testClass","value":"org.kinotic.structures.tests.core.entity.EntityCrudTests"},{"name":"testMethod","value":"testFindAll"},{"name":"suite","value":"org.kinotic.structures.tests.core.entity.EntityCrudTests"},{"name":"resultFormat","value":"allure2"}],"parameters":[],"links":[],"hidden":false,"retry":false,"extra":{"severity":"normal","retries":[],"categories":[{"name":"Product defects","matchedStatuses":[],"flaky":false}],"history":{"statistic":{"failed":4,"broken":2,"skipped":0,"passed":5,"unknown":0,"total":11},"items":[{"uid":"648f4fa7359aee6b","reportUrl":"https://kinotic-ai.github.io/kinotic/allure/718/#testresult/648f4fa7359aee6b","status":"passed","time":{"start":1770518639172,"stop":1770518639632,"duration":460}},{"uid":"fc865f0b0d3cf746","reportUrl":"https://kinotic-ai.github.io/kinotic/allure/719/#testresult/fc865f0b0d3cf746","status":"failed","statusDetails":"expectation \"expectNextMatches\" failed (expected: onNext(); actual: onError(java.lang.IllegalStateException: Expected exactly one entity to be returned))","time":{"start":1770518772908,"stop":1770518773221,"duration":313}},{"uid":"430f4ee0d652036c","reportUrl":"https://kinotic-ai.github.io/kinotic/allure/716/#testresult/430f4ee0d652036c","status":"passed","time":{"start":1770514774823,"stop":1770514775191,"duration":368}},{"uid":"433633f97a64e600","reportUrl":"https://kinotic-ai.github.io/kinotic/allure/717/#testresult/433633f97a64e600","status":"failed","statusDetails":"expectation \"expectNextMatches\" failed (expected: onNext(); actual: onError(java.lang.IllegalStateException: Expected exactly one entity to be returned))","time":{"start":1770514938831,"stop":1770514939283,"duration":452}},{"uid":"95a203d5444dde07","reportUrl":"https://kinotic-ai.github.io/kinotic/allure/715/#testresult/95a203d5444dde07","status":"failed","statusDetails":"expectation \"expectNextMatches\" failed (expected: onNext(); actual: onError(java.lang.IllegalStateException: Expected exactly one entity to be returned))","time":{"start":1770371015127,"stop":1770371015551,"duration":424}},{"uid":"249ca2ad65dc2187","reportUrl":"https://kinotic-ai.github.io/kinotic/allure/713/#testresult/249ca2ad65dc2187","status":"passed","time":{"start":1770368572591,"stop":1770368573201,"duration":610}},{"uid":"6434280ea64424ce","reportUrl":"https://kinotic-ai.github.io/kinotic/allure/714/#testresult/6434280ea64424ce","status":"broken","statusDetails":"Failed to initialize system migrations","time":{"start":1770370171144,"stop":1770370171158,"duration":14}},{"uid":"cca15a8fc07f79e1","reportUrl":"https://kinotic-ai.github.io/kinotic/allure/712/#testresult/cca15a8fc07f79e1","status":"passed","time":{"start":1770366520224,"stop":1770366520612,"duration":388}},{"uid":"30fafa97e84edf7a","reportUrl":"https://kinotic-ai.github.io/kinotic/allure/711/#testresult/30fafa97e84edf7a","status":"passed","time":{"start":1770364391842,"stop":1770364392289,"duration":447}},{"uid":"83559ec3d4cdce58","reportUrl":"https://kinotic-ai.github.io/kinotic/allure/710/#testresult/83559ec3d4cdce58","status":"broken","statusDetails":"ApplicationContext failure threshold (1) exceeded: skipping repeated attempt to load context for [ReactiveWebMergedContextConfiguration@605058c5 testClass = org.kinotic.structures.tests.core.entity.EntityCrudTests, locations = [], classes = [org.kinotic.structures.StructuresTestApplication], contextInitializerClasses = [org.kinotic.structures.support.elastic.ElasticsearchTestContextInitializer], activeProfiles = [], propertySourceDescriptors = [], propertySourceProperties = [\"org.springframework.boot.test.context.SpringBootTestContextBootstrapper=true\"], contextCustomizers = [org.springframework.boot.test.autoconfigure.OnFailureConditionReportContextCustomizerFactory$OnFailureConditionReportContextCustomizer@373e6b9d, org.springframework.boot.test.autoconfigure.actuate.observability.ObservabilityContextCustomizerFactory$DisableObservabilityContextCustomizer@1f, org.springframework.boot.test.autoconfigure.properties.PropertyMappingContextCustomizer@0, org.springframework.boot.test.autoconfigure.web.servlet.WebDriverContextCustomizer@65514add, [ImportsContextCustomizer@7006b473 key = [org.kinotic.structures.internal.config.StructuresConfiguration]], org.springframework.boot.test.context.filter.ExcludeFilterContextCustomizer@51e754e1, org.springframework.boot.test.json.DuplicateJsonObjectContextCustomizerFactory$DuplicateJsonObjectContextCustomizer@667dcaad, org.springframework.boot.test.mock.mockito.MockitoContextCustomizer@0, org.springframework.boot.test.web.client.TestRestTemplateContextCustomizer@3aed69dd, org.springframework.boot.test.web.reactive.server.WebTestClientContextCustomizer@16134476, org.springframework.boot.test.web.reactor.netty.DisableReactorResourceFactoryGlobalResourcesContextCustomizerFactory$DisableReactorResourceFactoryGlobalResourcesContextCustomizerCustomizer@64aeaf29, org.springframework.test.context.support.DynamicPropertiesContextCustomizer@0, org.springframework.boot.test.context.SpringBootTestAnnotation@c72c9a44], contextLoader = org.springframework.boot.test.context.SpringBootContextLoader, parent = null]","time":{"start":1770287459571,"stop":1770287459572,"duration":1}}]},"tags":[]},"source":"2f264e16d44bfbb4.json","parameterValues":[]}