{"uid":"752072be6c89d8f3","name":"testFindById()","fullName":"org.kinotic.structures.tests.core.entity.EntityCrudTests.testFindById","historyId":"c4dbfbd59548954a72eddeaaf8023103","time":{"start":1770533706620,"stop":1770533706995,"duration":375},"description":"","status":"failed","statusMessage":"expectation \"expectNextMatches\" failed (expected: onNext(); actual: onError(java.lang.IllegalStateException: Expected exactly one entity to be returned, got 0))","statusTrace":"java.lang.AssertionError: expectation \"expectNextMatches\" failed (expected: onNext(); actual: onError(java.lang.IllegalStateException: Expected exactly one entity to be returned, got 0))\n\tat reactor.test.MessageFormatter.assertionError(MessageFormatter.java:115)\n\tat reactor.test.MessageFormatter.failPrefix(MessageFormatter.java:104)\n\tat reactor.test.MessageFormatter.fail(MessageFormatter.java:73)\n\tat reactor.test.MessageFormatter.failOptional(MessageFormatter.java:88)\n\tat reactor.test.DefaultStepVerifierBuilder.lambda$expectNextMatches$0(DefaultStepVerifierBuilder.java:561)\n\tat reactor.test.DefaultStepVerifierBuilder$SignalEvent.test(DefaultStepVerifierBuilder.java:2339)\n\tat reactor.test.DefaultStepVerifierBuilder$DefaultVerifySubscriber.onSignal(DefaultStepVerifierBuilder.java:1554)\n\tat reactor.test.DefaultStepVerifierBuilder$DefaultVerifySubscriber.onExpectation(DefaultStepVerifierBuilder.java:1501)\n\tat reactor.test.DefaultStepVerifierBuilder$DefaultVerifySubscriber.onError(DefaultStepVerifierBuilder.java:1151)\n\tat reactor.core.publisher.MonoCompletionStage$MonoCompletionStageSubscription.apply(MonoCompletionStage.java:115)\n\tat reactor.core.publisher.MonoCompletionStage$MonoCompletionStageSubscription.apply(MonoCompletionStage.java:67)\n\tat java.base/java.util.concurrent.CompletableFuture.uniHandle(CompletableFuture.java:934)\n\tat java.base/java.util.concurrent.CompletableFuture$UniHandle.tryFire(CompletableFuture.java:911)\n\tat java.base/java.util.concurrent.CompletableFuture.postComplete(CompletableFuture.java:510)\n\tat java.base/java.util.concurrent.CompletableFuture.postFire(CompletableFuture.java:614)\n\tat java.base/java.util.concurrent.CompletableFuture$UniCompose.tryFire(CompletableFuture.java:1163)\n\tat java.base/java.util.concurrent.CompletableFuture$Completion.exec(CompletableFuture.java:483)\n\tat java.base/java.util.concurrent.ForkJoinTask.doExec(ForkJoinTask.java:387)\n\tat java.base/java.util.concurrent.ForkJoinPool$WorkQueue.topLevelExec(ForkJoinPool.java:1312)\n\tat java.base/java.util.concurrent.ForkJoinPool.scan(ForkJoinPool.java:1843)\n\tat java.base/java.util.concurrent.ForkJoinPool.runWorker(ForkJoinPool.java:1808)\n\tat java.base/java.util.concurrent.ForkJoinWorkerThread.run(ForkJoinWorkerThread.java:188)\n\tSuppressed: java.lang.IllegalStateException: Expected exactly one entity to be returned, got 0\n\t\tat org.kinotic.structures.internal.api.hooks.impl.AbstractJsonUpsertPreProcessor.lambda$process$0(AbstractJsonUpsertPreProcessor.java:59)\n\t\tat java.base/java.util.concurrent.CompletableFuture.uniApplyNow(CompletableFuture.java:684)\n\t\tat java.base/java.util.concurrent.CompletableFuture.uniApplyStage(CompletableFuture.java:662)\n\t\tat java.base/java.util.concurrent.CompletableFuture.thenApply(CompletableFuture.java:2200)\n\t\tat org.kinotic.structures.internal.api.hooks.impl.AbstractJsonUpsertPreProcessor.process(AbstractJsonUpsertPreProcessor.java:57)\n\t\tat org.kinotic.structures.internal.api.hooks.impl.TokenBufferUpsertPreProcessor.process(TokenBufferUpsertPreProcessor.java:39)\n\t\tat org.kinotic.structures.internal.api.hooks.DelegatingUpsertPreProcessor.process(DelegatingUpsertPreProcessor.java:58)\n\t\tat org.kinotic.structures.internal.api.services.impl.DefaultEntityService.lambda$doPersist$87(DefaultEntityService.java:657)\n\t\tat java.base/java.util.concurrent.CompletableFuture.uniComposeStage(CompletableFuture.java:1187)\n\t\tat java.base/java.util.concurrent.CompletableFuture.thenCompose(CompletableFuture.java:2341)\n\t\tat org.kinotic.structures.internal.api.services.impl.DefaultEntityService.doPersist(DefaultEntityService.java:657)\n\t\tat org.kinotic.structures.internal.api.services.impl.DefaultEntityService.save(DefaultEntityService.java:319)\n\t\tat org.kinotic.structures.internal.api.services.impl.DefaultEntitiesService.lambda$save$15(DefaultEntitiesService.java:207)\n\t\tat java.base/java.util.concurrent.CompletableFuture$UniCompose.tryFire(CompletableFuture.java:1150)\n\t\t... 9 more\n","flaky":true,"newFailed":true,"newBroken":false,"newPassed":false,"retriesCount":0,"retriesStatusChange":false,"beforeStages":[],"afterStages":[],"labels":[{"name":"parentSuite","value":"Structures Core"},{"name":"junit.platform.uniqueid","value":"[engine:junit-jupiter]/[class:org.kinotic.structures.tests.core.entity.EntityCrudTests]/[method:testFindById()]"},{"name":"host","value":"runnervmwffz4"},{"name":"thread","value":"3336@runnervmwffz4.Test worker(1)"},{"name":"framework","value":"junit-platform"},{"name":"language","value":"java"},{"name":"package","value":"org.kinotic.structures.tests.core.entity.EntityCrudTests"},{"name":"testClass","value":"org.kinotic.structures.tests.core.entity.EntityCrudTests"},{"name":"testMethod","value":"testFindById"},{"name":"suite","value":"org.kinotic.structures.tests.core.entity.EntityCrudTests"},{"name":"resultFormat","value":"allure2"}],"parameters":[],"links":[],"hidden":false,"retry":false,"extra":{"severity":"normal","retries":[],"categories":[{"name":"Product defects","matchedStatuses":[],"flaky":false}],"history":{"statistic":{"failed":4,"broken":2,"skipped":0,"passed":5,"unknown":0,"total":11},"items":[{"uid":"90ab9c944d9c2a34","reportUrl":"https://kinotic-ai.github.io/kinotic/allure/718/#testresult/90ab9c944d9c2a34","status":"passed","time":{"start":1770518640610,"stop":1770518640806,"duration":196}},{"uid":"bca0f9d28de643cf","reportUrl":"https://kinotic-ai.github.io/kinotic/allure/719/#testresult/bca0f9d28de643cf","status":"failed","statusDetails":"expectation \"expectNextMatches\" failed (expected: onNext(); actual: onError(java.lang.IllegalStateException: Expected exactly one entity to be returned))","time":{"start":1770518774310,"stop":1770518774574,"duration":264}},{"uid":"3d2740817d3f371c","reportUrl":"https://kinotic-ai.github.io/kinotic/allure/716/#testresult/3d2740817d3f371c","status":"passed","time":{"start":1770514776277,"stop":1770514776445,"duration":168}},{"uid":"c30561065bc96771","reportUrl":"https://kinotic-ai.github.io/kinotic/allure/717/#testresult/c30561065bc96771","status":"failed","statusDetails":"expectation \"expectNextMatches\" failed (expected: onNext(); actual: onError(java.lang.IllegalStateException: Expected exactly one entity to be returned))","time":{"start":1770514940098,"stop":1770514940386,"duration":288}},{"uid":"127b6d762580b428","reportUrl":"https://kinotic-ai.github.io/kinotic/allure/715/#testresult/127b6d762580b428","status":"failed","statusDetails":"expectation \"expectNextMatches\" failed (expected: onNext(); actual: onError(java.lang.IllegalStateException: Expected exactly one entity to be returned))","time":{"start":1770371016389,"stop":1770371016688,"duration":299}},{"uid":"c1ebcc066d7fd191","reportUrl":"https://kinotic-ai.github.io/kinotic/allure/713/#testresult/c1ebcc066d7fd191","status":"passed","time":{"start":1770368574206,"stop":1770368574380,"duration":174}},{"uid":"257a1c7c6fbb67e5","reportUrl":"https://kinotic-ai.github.io/kinotic/allure/714/#testresult/257a1c7c6fbb67e5","status":"broken","statusDetails":"Failed to initialize system migrations","time":{"start":1770370171220,"stop":1770370171229,"duration":9}},{"uid":"d33d5e29bb35732a","reportUrl":"https://kinotic-ai.github.io/kinotic/allure/712/#testresult/d33d5e29bb35732a","status":"passed","time":{"start":1770366521994,"stop":1770366522182,"duration":188}},{"uid":"4518165746a35bb","reportUrl":"https://kinotic-ai.github.io/kinotic/allure/711/#testresult/4518165746a35bb","status":"passed","time":{"start":1770364393574,"stop":1770364393962,"duration":388}},{"uid":"fb3d022d7a038770","reportUrl":"https://kinotic-ai.github.io/kinotic/allure/710/#testresult/fb3d022d7a038770","status":"broken","statusDetails":"ApplicationContext failure threshold (1) exceeded: skipping repeated attempt to load context for [ReactiveWebMergedContextConfiguration@605058c5 testClass = org.kinotic.structures.tests.core.entity.EntityCrudTests, locations = [], classes = [org.kinotic.structures.StructuresTestApplication], contextInitializerClasses = [org.kinotic.structures.support.elastic.ElasticsearchTestContextInitializer], activeProfiles = [], propertySourceDescriptors = [], propertySourceProperties = [\"org.springframework.boot.test.context.SpringBootTestContextBootstrapper=true\"], contextCustomizers = [org.springframework.boot.test.autoconfigure.OnFailureConditionReportContextCustomizerFactory$OnFailureConditionReportContextCustomizer@373e6b9d, org.springframework.boot.test.autoconfigure.actuate.observability.ObservabilityContextCustomizerFactory$DisableObservabilityContextCustomizer@1f, org.springframework.boot.test.autoconfigure.properties.PropertyMappingContextCustomizer@0, org.springframework.boot.test.autoconfigure.web.servlet.WebDriverContextCustomizer@65514add, [ImportsContextCustomizer@7006b473 key = [org.kinotic.structures.internal.config.StructuresConfiguration]], org.springframework.boot.test.context.filter.ExcludeFilterContextCustomizer@51e754e1, org.springframework.boot.test.json.DuplicateJsonObjectContextCustomizerFactory$DuplicateJsonObjectContextCustomizer@667dcaad, org.springframework.boot.test.mock.mockito.MockitoContextCustomizer@0, org.springframework.boot.test.web.client.TestRestTemplateContextCustomizer@3aed69dd, org.springframework.boot.test.web.reactive.server.WebTestClientContextCustomizer@16134476, org.springframework.boot.test.web.reactor.netty.DisableReactorResourceFactoryGlobalResourcesContextCustomizerFactory$DisableReactorResourceFactoryGlobalResourcesContextCustomizerCustomizer@64aeaf29, org.springframework.test.context.support.DynamicPropertiesContextCustomizer@0, org.springframework.boot.test.context.SpringBootTestAnnotation@c72c9a44], contextLoader = org.springframework.boot.test.context.SpringBootContextLoader, parent = null]","time":{"start":1770287459622,"stop":1770287459622,"duration":0}}]},"tags":[]},"source":"752072be6c89d8f3.json","parameterValues":[]}