{"uid":"c5225a51289cd7a4","name":"findMissingEntity()","fullName":"org.kinotic.structures.tests.core.entity.EntityCrudTests.findMissingEntity","historyId":"a6a1688da2f6bcc5409823df12d85c7a","time":{"start":1770533707270,"stop":1770533707547,"duration":277},"description":"","status":"failed","statusMessage":"expectation \"expectNextMatches\" failed (expected: onNext(); actual: onError(java.lang.IllegalStateException: Expected exactly one entity to be returned, got 0))","statusTrace":"java.lang.AssertionError: expectation \"expectNextMatches\" failed (expected: onNext(); actual: onError(java.lang.IllegalStateException: Expected exactly one entity to be returned, got 0))\n\tat reactor.test.MessageFormatter.assertionError(MessageFormatter.java:115)\n\tat reactor.test.MessageFormatter.failPrefix(MessageFormatter.java:104)\n\tat reactor.test.MessageFormatter.fail(MessageFormatter.java:73)\n\tat reactor.test.MessageFormatter.failOptional(MessageFormatter.java:88)\n\tat reactor.test.DefaultStepVerifierBuilder.lambda$expectNextMatches$0(DefaultStepVerifierBuilder.java:561)\n\tat reactor.test.DefaultStepVerifierBuilder$SignalEvent.test(DefaultStepVerifierBuilder.java:2339)\n\tat reactor.test.DefaultStepVerifierBuilder$DefaultVerifySubscriber.onSignal(DefaultStepVerifierBuilder.java:1554)\n\tat reactor.test.DefaultStepVerifierBuilder$DefaultVerifySubscriber.onExpectation(DefaultStepVerifierBuilder.java:1501)\n\tat reactor.test.DefaultStepVerifierBuilder$DefaultVerifySubscriber.onError(DefaultStepVerifierBuilder.java:1151)\n\tat reactor.core.publisher.MonoCompletionStage$MonoCompletionStageSubscription.apply(MonoCompletionStage.java:115)\n\tat reactor.core.publisher.MonoCompletionStage$MonoCompletionStageSubscription.apply(MonoCompletionStage.java:67)\n\tat java.base/java.util.concurrent.CompletableFuture.uniHandle(CompletableFuture.java:934)\n\tat java.base/java.util.concurrent.CompletableFuture$UniHandle.tryFire(CompletableFuture.java:911)\n\tat java.base/java.util.concurrent.CompletableFuture.postComplete(CompletableFuture.java:510)\n\tat java.base/java.util.concurrent.CompletableFuture.postFire(CompletableFuture.java:614)\n\tat java.base/java.util.concurrent.CompletableFuture$UniCompose.tryFire(CompletableFuture.java:1163)\n\tat java.base/java.util.concurrent.CompletableFuture$Completion.exec(CompletableFuture.java:483)\n\tat java.base/java.util.concurrent.ForkJoinTask.doExec(ForkJoinTask.java:387)\n\tat java.base/java.util.concurrent.ForkJoinPool$WorkQueue.topLevelExec(ForkJoinPool.java:1312)\n\tat java.base/java.util.concurrent.ForkJoinPool.scan(ForkJoinPool.java:1843)\n\tat java.base/java.util.concurrent.ForkJoinPool.runWorker(ForkJoinPool.java:1808)\n\tat java.base/java.util.concurrent.ForkJoinWorkerThread.run(ForkJoinWorkerThread.java:188)\n\tSuppressed: java.lang.IllegalStateException: Expected exactly one entity to be returned, got 0\n\t\tat org.kinotic.structures.internal.api.hooks.impl.AbstractJsonUpsertPreProcessor.lambda$process$0(AbstractJsonUpsertPreProcessor.java:59)\n\t\tat java.base/java.util.concurrent.CompletableFuture.uniApplyNow(CompletableFuture.java:684)\n\t\tat java.base/java.util.concurrent.CompletableFuture.uniApplyStage(CompletableFuture.java:662)\n\t\tat java.base/java.util.concurrent.CompletableFuture.thenApply(CompletableFuture.java:2200)\n\t\tat org.kinotic.structures.internal.api.hooks.impl.AbstractJsonUpsertPreProcessor.process(AbstractJsonUpsertPreProcessor.java:57)\n\t\tat org.kinotic.structures.internal.api.hooks.impl.TokenBufferUpsertPreProcessor.process(TokenBufferUpsertPreProcessor.java:39)\n\t\tat org.kinotic.structures.internal.api.hooks.DelegatingUpsertPreProcessor.process(DelegatingUpsertPreProcessor.java:58)\n\t\tat org.kinotic.structures.internal.api.services.impl.DefaultEntityService.lambda$doPersist$87(DefaultEntityService.java:657)\n\t\tat java.base/java.util.concurrent.CompletableFuture.uniComposeStage(CompletableFuture.java:1187)\n\t\tat java.base/java.util.concurrent.CompletableFuture.thenCompose(CompletableFuture.java:2341)\n\t\tat org.kinotic.structures.internal.api.services.impl.DefaultEntityService.doPersist(DefaultEntityService.java:657)\n\t\tat org.kinotic.structures.internal.api.services.impl.DefaultEntityService.save(DefaultEntityService.java:319)\n\t\tat org.kinotic.structures.internal.api.services.impl.DefaultEntitiesService.lambda$save$15(DefaultEntitiesService.java:207)\n\t\tat java.base/java.util.concurrent.CompletableFuture$UniCompose.tryFire(CompletableFuture.java:1150)\n\t\t... 9 more\n","flaky":true,"newFailed":true,"newBroken":false,"newPassed":false,"retriesCount":0,"retriesStatusChange":false,"beforeStages":[],"afterStages":[],"labels":[{"name":"parentSuite","value":"Structures Core"},{"name":"junit.platform.uniqueid","value":"[engine:junit-jupiter]/[class:org.kinotic.structures.tests.core.entity.EntityCrudTests]/[method:findMissingEntity()]"},{"name":"host","value":"runnervmwffz4"},{"name":"thread","value":"3336@runnervmwffz4.Test worker(1)"},{"name":"framework","value":"junit-platform"},{"name":"language","value":"java"},{"name":"package","value":"org.kinotic.structures.tests.core.entity.EntityCrudTests"},{"name":"testClass","value":"org.kinotic.structures.tests.core.entity.EntityCrudTests"},{"name":"testMethod","value":"findMissingEntity"},{"name":"suite","value":"org.kinotic.structures.tests.core.entity.EntityCrudTests"},{"name":"resultFormat","value":"allure2"}],"parameters":[],"links":[],"hidden":false,"retry":false,"extra":{"severity":"normal","retries":[],"categories":[{"name":"Product defects","matchedStatuses":[],"flaky":false}],"history":{"statistic":{"failed":4,"broken":2,"skipped":0,"passed":5,"unknown":0,"total":11},"items":[{"uid":"88eea6efc9411961","reportUrl":"https://kinotic-ai.github.io/kinotic/allure/718/#testresult/88eea6efc9411961","status":"passed","time":{"start":1770518641321,"stop":1770518641475,"duration":154}},{"uid":"5a38394f72034492","reportUrl":"https://kinotic-ai.github.io/kinotic/allure/719/#testresult/5a38394f72034492","status":"failed","statusDetails":"expectation \"expectNextMatches\" failed (expected: onNext(); actual: onError(java.lang.IllegalStateException: Expected exactly one entity to be returned))","time":{"start":1770518774845,"stop":1770518775090,"duration":245}},{"uid":"dfa714b308c70aa0","reportUrl":"https://kinotic-ai.github.io/kinotic/allure/716/#testresult/dfa714b308c70aa0","status":"passed","time":{"start":1770514776789,"stop":1770514776924,"duration":135}},{"uid":"2f83dcd5f63aa3ea","reportUrl":"https://kinotic-ai.github.io/kinotic/allure/717/#testresult/2f83dcd5f63aa3ea","status":"failed","statusDetails":"expectation \"expectNextMatches\" failed (expected: onNext(); actual: onError(java.lang.IllegalStateException: Expected exactly one entity to be returned))","time":{"start":1770514940744,"stop":1770514940971,"duration":227}},{"uid":"95fddd1156d30686","reportUrl":"https://kinotic-ai.github.io/kinotic/allure/715/#testresult/95fddd1156d30686","status":"failed","statusDetails":"expectation \"expectNextMatches\" failed (expected: onNext(); actual: onError(java.lang.IllegalStateException: Expected exactly one entity to be returned))","time":{"start":1770371017062,"stop":1770371017424,"duration":362}},{"uid":"74087a03855b8579","reportUrl":"https://kinotic-ai.github.io/kinotic/allure/713/#testresult/74087a03855b8579","status":"passed","time":{"start":1770368574892,"stop":1770368575072,"duration":180}},{"uid":"be7cbda81f62c575","reportUrl":"https://kinotic-ai.github.io/kinotic/allure/714/#testresult/be7cbda81f62c575","status":"broken","statusDetails":"Failed to initialize system migrations","time":{"start":1770370171253,"stop":1770370171268,"duration":15}},{"uid":"ab91133084df875f","reportUrl":"https://kinotic-ai.github.io/kinotic/allure/712/#testresult/ab91133084df875f","status":"passed","time":{"start":1770366522681,"stop":1770366522858,"duration":177}},{"uid":"b1a471571ee24a3c","reportUrl":"https://kinotic-ai.github.io/kinotic/allure/711/#testresult/b1a471571ee24a3c","status":"passed","time":{"start":1770364394430,"stop":1770364394578,"duration":148}},{"uid":"e6773759ea827604","reportUrl":"https://kinotic-ai.github.io/kinotic/allure/710/#testresult/e6773759ea827604","status":"broken","statusDetails":"ApplicationContext failure threshold (1) exceeded: skipping repeated attempt to load context for [ReactiveWebMergedContextConfiguration@605058c5 testClass = org.kinotic.structures.tests.core.entity.EntityCrudTests, locations = [], classes = [org.kinotic.structures.StructuresTestApplication], contextInitializerClasses = [org.kinotic.structures.support.elastic.ElasticsearchTestContextInitializer], activeProfiles = [], propertySourceDescriptors = [], propertySourceProperties = [\"org.springframework.boot.test.context.SpringBootTestContextBootstrapper=true\"], contextCustomizers = [org.springframework.boot.test.autoconfigure.OnFailureConditionReportContextCustomizerFactory$OnFailureConditionReportContextCustomizer@373e6b9d, org.springframework.boot.test.autoconfigure.actuate.observability.ObservabilityContextCustomizerFactory$DisableObservabilityContextCustomizer@1f, org.springframework.boot.test.autoconfigure.properties.PropertyMappingContextCustomizer@0, org.springframework.boot.test.autoconfigure.web.servlet.WebDriverContextCustomizer@65514add, [ImportsContextCustomizer@7006b473 key = [org.kinotic.structures.internal.config.StructuresConfiguration]], org.springframework.boot.test.context.filter.ExcludeFilterContextCustomizer@51e754e1, org.springframework.boot.test.json.DuplicateJsonObjectContextCustomizerFactory$DuplicateJsonObjectContextCustomizer@667dcaad, org.springframework.boot.test.mock.mockito.MockitoContextCustomizer@0, org.springframework.boot.test.web.client.TestRestTemplateContextCustomizer@3aed69dd, org.springframework.boot.test.web.reactive.server.WebTestClientContextCustomizer@16134476, org.springframework.boot.test.web.reactor.netty.DisableReactorResourceFactoryGlobalResourcesContextCustomizerFactory$DisableReactorResourceFactoryGlobalResourcesContextCustomizerCustomizer@64aeaf29, org.springframework.test.context.support.DynamicPropertiesContextCustomizer@0, org.springframework.boot.test.context.SpringBootTestAnnotation@c72c9a44], contextLoader = org.springframework.boot.test.context.SpringBootContextLoader, parent = null]","time":{"start":1770287459644,"stop":1770287459645,"duration":1}}]},"tags":[]},"source":"c5225a51289cd7a4.json","parameterValues":[]}