{"uid":"ca3379c734cbc45d","name":"testFindById()","fullName":"org.mindignited.structures.entity.EntityCrudTests.testFindById","historyId":"7cc0467b448902834bff2ef88acad071","time":{"start":1769754007686,"stop":1769754007687,"duration":1},"description":"","status":"broken","statusMessage":"ApplicationContext failure threshold (1) exceeded: skipping repeated attempt to load context for [ReactiveWebMergedContextConfiguration@7672dd7a testClass = org.mindignited.structures.entity.EntityCrudTests, locations = [], classes = [org.mindignited.structures.StructuresTestApplication], contextInitializerClasses = [], activeProfiles = [], propertySourceDescriptors = [], propertySourceProperties = [\"org.springframework.boot.test.context.SpringBootTestContextBootstrapper=true\"], contextCustomizers = [org.springframework.boot.test.autoconfigure.OnFailureConditionReportContextCustomizerFactory$OnFailureConditionReportContextCustomizer@2d0566ba, org.springframework.boot.test.autoconfigure.actuate.observability.ObservabilityContextCustomizerFactory$DisableObservabilityContextCustomizer@1f, org.springframework.boot.test.autoconfigure.properties.PropertyMappingContextCustomizer@0, org.springframework.boot.test.autoconfigure.web.servlet.WebDriverContextCustomizer@3abd581e, org.springframework.boot.test.context.filter.ExcludeFilterContextCustomizer@1e392345, org.springframework.boot.test.json.DuplicateJsonObjectContextCustomizerFactory$DuplicateJsonObjectContextCustomizer@74d7184a, org.springframework.boot.test.mock.mockito.MockitoContextCustomizer@0, org.springframework.boot.test.web.client.TestRestTemplateContextCustomizer@4acf72b6, org.springframework.boot.test.web.reactive.server.WebTestClientContextCustomizer@5af5def9, org.springframework.boot.test.web.reactor.netty.DisableReactorResourceFactoryGlobalResourcesContextCustomizerFactory$DisableReactorResourceFactoryGlobalResourcesContextCustomizerCustomizer@26f143ed, org.springframework.test.context.support.DynamicPropertiesContextCustomizer@ee44f27, org.springframework.boot.test.context.SpringBootTestAnnotation@a04826ca], contextLoader = org.springframework.boot.test.context.SpringBootContextLoader, parent = null]","statusTrace":"java.lang.IllegalStateException: ApplicationContext failure threshold (1) exceeded: skipping repeated attempt to load context for [ReactiveWebMergedContextConfiguration@7672dd7a testClass = org.mindignited.structures.entity.EntityCrudTests, locations = [], classes = [org.mindignited.structures.StructuresTestApplication], contextInitializerClasses = [], activeProfiles = [], propertySourceDescriptors = [], propertySourceProperties = [\"org.springframework.boot.test.context.SpringBootTestContextBootstrapper=true\"], contextCustomizers = [org.springframework.boot.test.autoconfigure.OnFailureConditionReportContextCustomizerFactory$OnFailureConditionReportContextCustomizer@2d0566ba, org.springframework.boot.test.autoconfigure.actuate.observability.ObservabilityContextCustomizerFactory$DisableObservabilityContextCustomizer@1f, org.springframework.boot.test.autoconfigure.properties.PropertyMappingContextCustomizer@0, org.springframework.boot.test.autoconfigure.web.servlet.WebDriverContextCustomizer@3abd581e, org.springframework.boot.test.context.filter.ExcludeFilterContextCustomizer@1e392345, org.springframework.boot.test.json.DuplicateJsonObjectContextCustomizerFactory$DuplicateJsonObjectContextCustomizer@74d7184a, org.springframework.boot.test.mock.mockito.MockitoContextCustomizer@0, org.springframework.boot.test.web.client.TestRestTemplateContextCustomizer@4acf72b6, org.springframework.boot.test.web.reactive.server.WebTestClientContextCustomizer@5af5def9, org.springframework.boot.test.web.reactor.netty.DisableReactorResourceFactoryGlobalResourcesContextCustomizerFactory$DisableReactorResourceFactoryGlobalResourcesContextCustomizerCustomizer@26f143ed, org.springframework.test.context.support.DynamicPropertiesContextCustomizer@ee44f27, org.springframework.boot.test.context.SpringBootTestAnnotation@a04826ca], contextLoader = org.springframework.boot.test.context.SpringBootContextLoader, parent = null]\n\tat org.springframework.test.context.cache.DefaultCacheAwareContextLoaderDelegate.loadContext(DefaultCacheAwareContextLoaderDelegate.java:145)\n\tat org.springframework.test.context.support.DefaultTestContext.getApplicationContext(DefaultTestContext.java:130)\n\tat org.springframework.test.context.support.DependencyInjectionTestExecutionListener.injectDependencies(DependencyInjectionTestExecutionListener.java:155)\n\tat org.springframework.test.context.support.DependencyInjectionTestExecutionListener.prepareTestInstance(DependencyInjectionTestExecutionListener.java:111)\n\tat org.springframework.test.context.TestContextManager.prepareTestInstance(TestContextManager.java:260)\n\tat org.springframework.test.context.junit.jupiter.SpringExtension.postProcessTestInstance(SpringExtension.java:159)\n\tat java.base/java.util.stream.ForEachOps$ForEachOp$OfRef.accept(ForEachOps.java:184)\n\tat java.base/java.util.stream.ReferencePipeline$3$1.accept(ReferencePipeline.java:197)\n\tat java.base/java.util.stream.ReferencePipeline$2$1.accept(ReferencePipeline.java:179)\n\tat java.base/java.util.stream.ReferencePipeline$3$1.accept(ReferencePipeline.java:197)\n\tat java.base/java.util.ArrayList$ArrayListSpliterator.forEachRemaining(ArrayList.java:1708)\n\tat java.base/java.util.stream.AbstractPipeline.copyInto(AbstractPipeline.java:509)\n\tat java.base/java.util.stream.AbstractPipeline.wrapAndCopyInto(AbstractPipeline.java:499)\n\tat java.base/java.util.stream.ForEachOps$ForEachOp.evaluateSequential(ForEachOps.java:151)\n\tat java.base/java.util.stream.ForEachOps$ForEachOp$OfRef.evaluateSequential(ForEachOps.java:174)\n\tat java.base/java.util.stream.AbstractPipeline.evaluate(AbstractPipeline.java:234)\n\tat java.base/java.util.stream.ReferencePipeline.forEach(ReferencePipeline.java:596)\n\tat java.base/java.util.Optional.orElseGet(Optional.java:364)\n\tat java.base/java.util.ArrayList.forEach(ArrayList.java:1596)\n\tat java.base/java.util.ArrayList.forEach(ArrayList.java:1596)\n","flaky":true,"newFailed":false,"newBroken":true,"newPassed":false,"retriesCount":0,"retriesStatusChange":false,"beforeStages":[],"afterStages":[],"labels":[{"name":"parentSuite","value":"Structures Core"},{"name":"junit.platform.uniqueid","value":"[engine:junit-jupiter]/[class:org.mindignited.structures.entity.EntityCrudTests]/[method:testFindById()]"},{"name":"host","value":"runnervmkj6or"},{"name":"thread","value":"3946@runnervmkj6or.Test worker(1)"},{"name":"framework","value":"junit-platform"},{"name":"language","value":"java"},{"name":"package","value":"org.mindignited.structures.entity.EntityCrudTests"},{"name":"testClass","value":"org.mindignited.structures.entity.EntityCrudTests"},{"name":"testMethod","value":"testFindById"},{"name":"suite","value":"org.mindignited.structures.entity.EntityCrudTests"},{"name":"resultFormat","value":"allure2"}],"parameters":[],"links":[],"hidden":false,"retry":false,"extra":{"severity":"normal","retries":[],"categories":[{"name":"Test defects","matchedStatuses":[],"flaky":false}],"history":{"statistic":{"failed":1,"broken":1,"skipped":0,"passed":4,"unknown":0,"total":6},"items":[{"uid":"358646f14abb3947","reportUrl":"https://MindIgnited.github.io/structures/allure/681/#testresult/358646f14abb3947","status":"passed","time":{"start":1768117467949,"stop":1768117468136,"duration":187}},{"uid":"654cad21f62b692f","reportUrl":"https://MindIgnited.github.io/structures/allure/680/#testresult/654cad21f62b692f","status":"passed","time":{"start":1768116381876,"stop":1768116382040,"duration":164}},{"uid":"63dcad80ff3a2933","reportUrl":"https://MindIgnited.github.io/structures/allure/679/#testresult/63dcad80ff3a2933","status":"passed","time":{"start":1768113578640,"stop":1768113578804,"duration":164}},{"uid":"c4600346036af662","reportUrl":"https://MindIgnited.github.io/structures/allure/678/#testresult/c4600346036af662","status":"passed","time":{"start":1768108906738,"stop":1768108906893,"duration":155}},{"uid":"fb3d20fdb4156939","reportUrl":"https://MindIgnited.github.io/structures/allure/670/#testresult/fb3d20fdb4156939","status":"failed","statusDetails":"expectation \"expectNextMatches\" failed (expected: onNext(); actual: onError(co.elastic.clients.transport.TransportException: node: http://localhost:32769/, status: 200, [es/get] Failed to decode response))","time":{"start":1768102006986,"stop":1768102007055,"duration":69}}]},"tags":[]},"source":"ca3379c734cbc45d.json","parameterValues":[]}