{"uid":"a7ecba7c8f87a33a","name":"testFindByIdsNoneFound()","fullName":"org.mindignited.structures.entity.EntityCrudTests.testFindByIdsNoneFound","historyId":"c73a98b4a56f323be62f9cddd7f13e3c","time":{"start":1769916529718,"stop":1769916529732,"duration":14},"description":"","status":"failed","statusMessage":"expectation \"expectNextMatches\" failed (expected: onNext(); actual: onError(co.elastic.clients.elasticsearch._types.ElasticsearchException: [es/get] failed: [index_not_found_exception] no such index [struct_structure]))","statusTrace":"java.lang.AssertionError: expectation \"expectNextMatches\" failed (expected: onNext(); actual: onError(co.elastic.clients.elasticsearch._types.ElasticsearchException: [es/get] failed: [index_not_found_exception] no such index [struct_structure]))\n\tat reactor.test.MessageFormatter.assertionError(MessageFormatter.java:115)\n\tat reactor.test.MessageFormatter.failPrefix(MessageFormatter.java:104)\n\tat reactor.test.MessageFormatter.fail(MessageFormatter.java:73)\n\tat reactor.test.MessageFormatter.failOptional(MessageFormatter.java:88)\n\tat reactor.test.DefaultStepVerifierBuilder.lambda$expectNextMatches$11(DefaultStepVerifierBuilder.java:556)\n\tat reactor.test.DefaultStepVerifierBuilder$SignalEvent.test(DefaultStepVerifierBuilder.java:2289)\n\tat reactor.test.DefaultStepVerifierBuilder$DefaultVerifySubscriber.onSignal(DefaultStepVerifierBuilder.java:1529)\n\tat reactor.test.DefaultStepVerifierBuilder$DefaultVerifySubscriber.onExpectation(DefaultStepVerifierBuilder.java:1477)\n\tat reactor.test.DefaultStepVerifierBuilder$DefaultVerifySubscriber.onError(DefaultStepVerifierBuilder.java:1129)\n\tat reactor.core.publisher.MonoCompletionStage$MonoCompletionStageSubscription.apply(MonoCompletionStage.java:115)\n\tat reactor.core.publisher.MonoCompletionStage$MonoCompletionStageSubscription.apply(MonoCompletionStage.java:67)\n\tat java.base/java.util.concurrent.CompletableFuture.uniHandle(CompletableFuture.java:934)\n\tat java.base/java.util.concurrent.CompletableFuture.uniHandleStage(CompletableFuture.java:950)\n\tat java.base/java.util.concurrent.CompletableFuture.handle(CompletableFuture.java:2372)\n\tat java.base/java.util.concurrent.CompletableFuture.handle(CompletableFuture.java:144)\n\tat reactor.core.publisher.MonoCompletionStage$MonoCompletionStageSubscription.request(MonoCompletionStage.java:145)\n\tat reactor.test.DefaultStepVerifierBuilder$DefaultVerifySubscriber.onSubscribe(DefaultStepVerifierBuilder.java:1161)\n\tat reactor.core.publisher.MonoCompletionStage.subscribe(MonoCompletionStage.java:56)\n\tat reactor.core.publisher.MonoDefer.subscribe(MonoDefer.java:53)\n\tat reactor.core.publisher.Mono.subscribe(Mono.java:4576)\n\tat reactor.test.DefaultStepVerifierBuilder$DefaultStepVerifier.toVerifierAndSubscribe(DefaultStepVerifierBuilder.java:891)\n\tat reactor.test.DefaultStepVerifierBuilder$DefaultStepVerifier.verify(DefaultStepVerifierBuilder.java:831)\n\tat reactor.test.DefaultStepVerifierBuilder$DefaultStepVerifier.verify(DefaultStepVerifierBuilder.java:823)\n\tat reactor.test.DefaultStepVerifierBuilder.verifyComplete(DefaultStepVerifierBuilder.java:690)\n\tat org.mindignited.structures.ElasticsearchTestBase.createAndVerify(ElasticsearchTestBase.java:110)\n\tat org.mindignited.structures.entity.EntityCrudTests.testFindByIdsNoneFound(EntityCrudTests.java:173)\n\tat java.base/java.lang.reflect.Method.invoke(Method.java:580)\n\tat java.base/java.util.ArrayList.forEach(ArrayList.java:1596)\n\tat java.base/java.util.ArrayList.forEach(ArrayList.java:1596)\n\tSuppressed: co.elastic.clients.elasticsearch._types.ElasticsearchException: [es/get] failed: [index_not_found_exception] no such index [struct_structure]\n\t\tat co.elastic.clients.transport.ElasticsearchTransportBase.getApiResponse(ElasticsearchTransportBase.java:357)\n\t\tat co.elastic.clients.transport.ElasticsearchTransportBase.lambda$performRequestAsync$0(ElasticsearchTransportBase.java:205)\n\t\tat java.base/java.util.concurrent.CompletableFuture.uniHandle(CompletableFuture.java:934)\n\t\tat java.base/java.util.concurrent.CompletableFuture.uniHandleStage(CompletableFuture.java:950)\n\t\tat java.base/java.util.concurrent.CompletableFuture.handle(CompletableFuture.java:2372)\n\t\tat co.elastic.clients.transport.ElasticsearchTransportBase.performRequestAsync(ElasticsearchTransportBase.java:193)\n\t\tat org.mindignited.structures.internal.api.services.impl.CrudServiceTemplate.findById(CrudServiceTemplate.java:276)\n\t\tat org.mindignited.structures.internal.api.services.impl.CrudServiceTemplate.findById(CrudServiceTemplate.java:240)\n\t\tat org.mindignited.structures.internal.api.services.impl.AbstractCrudService.findById(AbstractCrudService.java:43)\n\t\tat org.mindignited.structures.internal.api.services.impl.AbstractCrudService.findById(AbstractCrudService.java:17)\n\t\tat org.mindignited.structures.internal.api.services.impl.DefaultStructureService.findById(DefaultStructureService.java:158)\n\t\tat org.mindignited.structures.internal.api.services.impl.DefaultStructureService.findById(DefaultStructureService.java:28)\n\t\tat org.mindignited.structures.internal.sample.TestDataService.createPersonStructureIfNotExists(TestDataService.java:166)\n\t\tat org.mindignited.structures.support.TestHelper.lambda$createPersonStructureAndEntities$6(TestHelper.java:104)\n\t\tat reactor.core.publisher.Mono.lambda$fromFuture$1(Mono.java:686)\n\t\tat reactor.core.publisher.MonoDefer.subscribe(MonoDefer.java:45)\n\t\t... 10 more\n","flaky":false,"newFailed":true,"newBroken":false,"newPassed":false,"retriesCount":0,"retriesStatusChange":false,"beforeStages":[],"afterStages":[],"labels":[{"name":"parentSuite","value":"Structures Core"},{"name":"junit.platform.uniqueid","value":"[engine:junit-jupiter]/[class:org.mindignited.structures.entity.EntityCrudTests]/[method:testFindByIdsNoneFound()]"},{"name":"host","value":"runnervmkj6or"},{"name":"thread","value":"3234@runnervmkj6or.Test worker(1)"},{"name":"framework","value":"junit-platform"},{"name":"language","value":"java"},{"name":"package","value":"org.mindignited.structures.entity.EntityCrudTests"},{"name":"testClass","value":"org.mindignited.structures.entity.EntityCrudTests"},{"name":"testMethod","value":"testFindByIdsNoneFound"},{"name":"suite","value":"org.mindignited.structures.entity.EntityCrudTests"},{"name":"resultFormat","value":"allure2"}],"parameters":[],"links":[],"hidden":false,"retry":false,"extra":{"severity":"normal","retries":[],"categories":[{"name":"Product defects","matchedStatuses":[],"flaky":false}],"history":{"statistic":{"failed":2,"broken":2,"skipped":0,"passed":4,"unknown":0,"total":8},"items":[{"uid":"6e49fb747dc7985c","reportUrl":"https://MindIgnited.github.io/structures/allure/697/#testresult/6e49fb747dc7985c","status":"broken","statusDetails":"ApplicationContext failure threshold (1) exceeded: skipping repeated attempt to load context for [ReactiveWebMergedContextConfiguration@5205b3e2 testClass = org.mindignited.structures.entity.EntityCrudTests, locations = [], classes = [org.mindignited.structures.StructuresTestApplication], contextInitializerClasses = [], activeProfiles = [], propertySourceDescriptors = [], propertySourceProperties = [\"org.springframework.boot.test.context.SpringBootTestContextBootstrapper=true\"], contextCustomizers = [org.springframework.boot.test.autoconfigure.OnFailureConditionReportContextCustomizerFactory$OnFailureConditionReportContextCustomizer@329a1243, org.springframework.boot.test.autoconfigure.actuate.observability.ObservabilityContextCustomizerFactory$DisableObservabilityContextCustomizer@1f, org.springframework.boot.test.autoconfigure.properties.PropertyMappingContextCustomizer@0, org.springframework.boot.test.autoconfigure.web.servlet.WebDriverContextCustomizer@4d157787, org.springframework.boot.test.context.filter.ExcludeFilterContextCustomizer@50b8ae8d, org.springframework.boot.test.json.DuplicateJsonObjectContextCustomizerFactory$DuplicateJsonObjectContextCustomizer@40e4ea87, org.springframework.boot.test.mock.mockito.MockitoContextCustomizer@0, org.springframework.boot.test.web.client.TestRestTemplateContextCustomizer@3abd581e, org.springframework.boot.test.web.reactive.server.WebTestClientContextCustomizer@4ced35ed, org.springframework.boot.test.web.reactor.netty.DisableReactorResourceFactoryGlobalResourcesContextCustomizerFactory$DisableReactorResourceFactoryGlobalResourcesContextCustomizerCustomizer@2b27cc70, org.springframework.test.context.support.DynamicPropertiesContextCustomizer@ee44f27, org.springframework.boot.test.context.SpringBootTestAnnotation@2717c560], contextLoader = org.springframework.boot.test.context.SpringBootContextLoader, parent = null]","time":{"start":1769906131153,"stop":1769906131154,"duration":1}},{"uid":"bcfce2d8b92b73b4","reportUrl":"https://MindIgnited.github.io/structures/allure/696/#testresult/bcfce2d8b92b73b4","status":"broken","statusDetails":"ApplicationContext failure threshold (1) exceeded: skipping repeated attempt to load context for [ReactiveWebMergedContextConfiguration@7672dd7a testClass = org.mindignited.structures.entity.EntityCrudTests, locations = [], classes = [org.mindignited.structures.StructuresTestApplication], contextInitializerClasses = [], activeProfiles = [], propertySourceDescriptors = [], propertySourceProperties = [\"org.springframework.boot.test.context.SpringBootTestContextBootstrapper=true\"], contextCustomizers = [org.springframework.boot.test.autoconfigure.OnFailureConditionReportContextCustomizerFactory$OnFailureConditionReportContextCustomizer@2d0566ba, org.springframework.boot.test.autoconfigure.actuate.observability.ObservabilityContextCustomizerFactory$DisableObservabilityContextCustomizer@1f, org.springframework.boot.test.autoconfigure.properties.PropertyMappingContextCustomizer@0, org.springframework.boot.test.autoconfigure.web.servlet.WebDriverContextCustomizer@3abd581e, org.springframework.boot.test.context.filter.ExcludeFilterContextCustomizer@1e392345, org.springframework.boot.test.json.DuplicateJsonObjectContextCustomizerFactory$DuplicateJsonObjectContextCustomizer@74d7184a, org.springframework.boot.test.mock.mockito.MockitoContextCustomizer@0, org.springframework.boot.test.web.client.TestRestTemplateContextCustomizer@4acf72b6, org.springframework.boot.test.web.reactive.server.WebTestClientContextCustomizer@5af5def9, org.springframework.boot.test.web.reactor.netty.DisableReactorResourceFactoryGlobalResourcesContextCustomizerFactory$DisableReactorResourceFactoryGlobalResourcesContextCustomizerCustomizer@26f143ed, org.springframework.test.context.support.DynamicPropertiesContextCustomizer@ee44f27, org.springframework.boot.test.context.SpringBootTestAnnotation@a04826ca], contextLoader = org.springframework.boot.test.context.SpringBootContextLoader, parent = null]","time":{"start":1769754007670,"stop":1769754007671,"duration":1}},{"uid":"ced1a59c9f5fd0a6","reportUrl":"https://MindIgnited.github.io/structures/allure/681/#testresult/ced1a59c9f5fd0a6","status":"passed","time":{"start":1768117467430,"stop":1768117467669,"duration":239}},{"uid":"3cc99403efdcd6cb","reportUrl":"https://MindIgnited.github.io/structures/allure/680/#testresult/3cc99403efdcd6cb","status":"passed","time":{"start":1768116381385,"stop":1768116381652,"duration":267}},{"uid":"a1c3cf271873199d","reportUrl":"https://MindIgnited.github.io/structures/allure/679/#testresult/a1c3cf271873199d","status":"passed","time":{"start":1768113578130,"stop":1768113578425,"duration":295}},{"uid":"366967cb66fe6dee","reportUrl":"https://MindIgnited.github.io/structures/allure/678/#testresult/366967cb66fe6dee","status":"passed","time":{"start":1768108906261,"stop":1768108906517,"duration":256}},{"uid":"a6cece2a40148bd7","reportUrl":"https://MindIgnited.github.io/structures/allure/670/#testresult/a6cece2a40148bd7","status":"failed","statusDetails":"expectation \"expectNextMatches\" failed (expected: onNext(); actual: onError(co.elastic.clients.transport.TransportException: node: http://localhost:32769/, status: 200, [es/get] Failed to decode response))","time":{"start":1768102006852,"stop":1768102006903,"duration":51}}]},"tags":[]},"source":"a7ecba7c8f87a33a.json","parameterValues":[]}