{"uid":"dd187aee11b7d06","name":"createStructureWithSameNameError()","fullName":"org.mindignited.structures.structure.StructureCrudTests.createStructureWithSameNameError","historyId":"d4a4e667cf6a9d1edd53db58cd854714","time":{"start":1769916531949,"stop":1769916531957,"duration":8},"description":"","status":"failed","statusMessage":"expectation \"expectNextMatches\" failed (expected: onNext(); actual: onError(co.elastic.clients.elasticsearch._types.ElasticsearchException: [es/get] failed: [index_not_found_exception] no such index [struct_structure]))","statusTrace":"java.lang.AssertionError: expectation \"expectNextMatches\" failed (expected: onNext(); actual: onError(co.elastic.clients.elasticsearch._types.ElasticsearchException: [es/get] failed: [index_not_found_exception] no such index [struct_structure]))\n\tat reactor.test.MessageFormatter.assertionError(MessageFormatter.java:115)\n\tat reactor.test.MessageFormatter.failPrefix(MessageFormatter.java:104)\n\tat reactor.test.MessageFormatter.fail(MessageFormatter.java:73)\n\tat reactor.test.MessageFormatter.failOptional(MessageFormatter.java:88)\n\tat reactor.test.DefaultStepVerifierBuilder.lambda$expectNextMatches$11(DefaultStepVerifierBuilder.java:556)\n\tat reactor.test.DefaultStepVerifierBuilder$SignalEvent.test(DefaultStepVerifierBuilder.java:2289)\n\tat reactor.test.DefaultStepVerifierBuilder$DefaultVerifySubscriber.onSignal(DefaultStepVerifierBuilder.java:1529)\n\tat reactor.test.DefaultStepVerifierBuilder$DefaultVerifySubscriber.onExpectation(DefaultStepVerifierBuilder.java:1477)\n\tat reactor.test.DefaultStepVerifierBuilder$DefaultVerifySubscriber.onError(DefaultStepVerifierBuilder.java:1129)\n\tat reactor.core.publisher.MonoCompletionStage$MonoCompletionStageSubscription.apply(MonoCompletionStage.java:115)\n\tat reactor.core.publisher.MonoCompletionStage$MonoCompletionStageSubscription.apply(MonoCompletionStage.java:67)\n\tat java.base/java.util.concurrent.CompletableFuture.uniHandle(CompletableFuture.java:934)\n\tat java.base/java.util.concurrent.CompletableFuture.uniHandleStage(CompletableFuture.java:950)\n\tat java.base/java.util.concurrent.CompletableFuture.handle(CompletableFuture.java:2372)\n\tat java.base/java.util.concurrent.CompletableFuture.handle(CompletableFuture.java:144)\n\tat reactor.core.publisher.MonoCompletionStage$MonoCompletionStageSubscription.request(MonoCompletionStage.java:145)\n\tat reactor.test.DefaultStepVerifierBuilder$DefaultVerifySubscriber.onSubscribe(DefaultStepVerifierBuilder.java:1161)\n\tat reactor.core.publisher.MonoCompletionStage.subscribe(MonoCompletionStage.java:56)\n\tat reactor.core.publisher.Mono.subscribe(Mono.java:4576)\n\tat reactor.test.DefaultStepVerifierBuilder$DefaultStepVerifier.toVerifierAndSubscribe(DefaultStepVerifierBuilder.java:891)\n\tat reactor.test.DefaultStepVerifierBuilder$DefaultStepVerifier.verify(DefaultStepVerifierBuilder.java:831)\n\tat reactor.test.DefaultStepVerifierBuilder$DefaultStepVerifier.verify(DefaultStepVerifierBuilder.java:823)\n\tat org.mindignited.structures.structure.StructureCrudTests.createStructureWithSameNameError(StructureCrudTests.java:157)\n\tat java.base/java.lang.reflect.Method.invoke(Method.java:580)\n\tat java.base/java.util.ArrayList.forEach(ArrayList.java:1596)\n\tat java.base/java.util.ArrayList.forEach(ArrayList.java:1596)\n\tSuppressed: co.elastic.clients.elasticsearch._types.ElasticsearchException: [es/get] failed: [index_not_found_exception] no such index [struct_structure]\n\t\tat co.elastic.clients.transport.ElasticsearchTransportBase.getApiResponse(ElasticsearchTransportBase.java:357)\n\t\tat co.elastic.clients.transport.ElasticsearchTransportBase.lambda$performRequestAsync$0(ElasticsearchTransportBase.java:205)\n\t\tat java.base/java.util.concurrent.CompletableFuture.uniHandle(CompletableFuture.java:934)\n\t\tat java.base/java.util.concurrent.CompletableFuture$UniHandle.tryFire(CompletableFuture.java:911)\n\t\tat java.base/java.util.concurrent.CompletableFuture.postComplete(CompletableFuture.java:510)\n\t\tat java.base/java.util.concurrent.CompletableFuture.complete(CompletableFuture.java:2179)\n\t\tat co.elastic.clients.transport.rest_client.RestClientHttpClient$1.onSuccess(RestClientHttpClient.java:116)\n\t\tat org.elasticsearch.client.RestClient$FailureTrackingResponseListener.onSuccess(RestClient.java:680)\n\t\tat org.elasticsearch.client.RestClient$1.completed(RestClient.java:403)\n\t\tat org.elasticsearch.client.RestClient$1.completed(RestClient.java:397)\n\t\tat org.apache.http.concurrent.BasicFuture.completed(BasicFuture.java:122)\n\t\tat org.apache.http.impl.nio.client.DefaultClientExchangeHandlerImpl.responseCompleted(DefaultClientExchangeHandlerImpl.java:182)\n\t\tat org.apache.http.nio.protocol.HttpAsyncRequestExecutor.processResponse(HttpAsyncRequestExecutor.java:448)\n\t\tat org.apache.http.nio.protocol.HttpAsyncRequestExecutor.inputReady(HttpAsyncRequestExecutor.java:338)\n\t\tat org.apache.http.impl.nio.DefaultNHttpClientConnection.consumeInput(DefaultNHttpClientConnection.java:265)\n\t\tat org.apache.http.impl.nio.client.InternalIODispatch.onInputReady(InternalIODispatch.java:87)\n\t\tat org.apache.http.impl.nio.client.InternalIODispatch.onInputReady(InternalIODispatch.java:40)\n\t\tat org.apache.http.impl.nio.reactor.AbstractIODispatch.inputReady(AbstractIODispatch.java:114)\n\t\tat org.apache.http.impl.nio.reactor.BaseIOReactor.readable(BaseIOReactor.java:162)\n\t\tat org.apache.http.impl.nio.reactor.AbstractIOReactor.processEvent(AbstractIOReactor.java:337)\n\t\tat org.apache.http.impl.nio.reactor.AbstractIOReactor.processEvents(AbstractIOReactor.java:315)\n\t\tat org.apache.http.impl.nio.reactor.AbstractIOReactor.execute(AbstractIOReactor.java:276)\n\t\tat org.apache.http.impl.nio.reactor.BaseIOReactor.execute(BaseIOReactor.java:104)\n\t\tat org.apache.http.impl.nio.reactor.AbstractMultiworkerIOReactor$Worker.run(AbstractMultiworkerIOReactor.java:591)\n\t\tat java.base/java.lang.Thread.run(Thread.java:1583)\n","flaky":false,"newFailed":true,"newBroken":false,"newPassed":false,"retriesCount":0,"retriesStatusChange":false,"beforeStages":[],"afterStages":[],"labels":[{"name":"parentSuite","value":"Structures Core"},{"name":"junit.platform.uniqueid","value":"[engine:junit-jupiter]/[class:org.mindignited.structures.structure.StructureCrudTests]/[method:createStructureWithSameNameError()]"},{"name":"host","value":"runnervmkj6or"},{"name":"thread","value":"3234@runnervmkj6or.Test worker(1)"},{"name":"framework","value":"junit-platform"},{"name":"language","value":"java"},{"name":"package","value":"org.mindignited.structures.structure.StructureCrudTests"},{"name":"testClass","value":"org.mindignited.structures.structure.StructureCrudTests"},{"name":"testMethod","value":"createStructureWithSameNameError"},{"name":"suite","value":"org.mindignited.structures.structure.StructureCrudTests"},{"name":"resultFormat","value":"allure2"}],"parameters":[],"links":[],"hidden":false,"retry":false,"extra":{"severity":"normal","retries":[],"categories":[{"name":"Product defects","matchedStatuses":[],"flaky":false}],"history":{"statistic":{"failed":2,"broken":2,"skipped":0,"passed":4,"unknown":0,"total":8},"items":[{"uid":"9d2f54c37e77fc04","reportUrl":"https://MindIgnited.github.io/structures/allure/697/#testresult/9d2f54c37e77fc04","status":"broken","statusDetails":"ApplicationContext failure threshold (1) exceeded: skipping repeated attempt to load context for [ReactiveWebMergedContextConfiguration@4cb0e39e testClass = org.mindignited.structures.structure.StructureCrudTests, locations = [], classes = [org.mindignited.structures.StructuresTestApplication], contextInitializerClasses = [], activeProfiles = [], propertySourceDescriptors = [], propertySourceProperties = [\"org.springframework.boot.test.context.SpringBootTestContextBootstrapper=true\"], contextCustomizers = [org.springframework.boot.test.autoconfigure.OnFailureConditionReportContextCustomizerFactory$OnFailureConditionReportContextCustomizer@329a1243, org.springframework.boot.test.autoconfigure.actuate.observability.ObservabilityContextCustomizerFactory$DisableObservabilityContextCustomizer@1f, org.springframework.boot.test.autoconfigure.properties.PropertyMappingContextCustomizer@0, org.springframework.boot.test.autoconfigure.web.servlet.WebDriverContextCustomizer@4d157787, org.springframework.boot.test.context.filter.ExcludeFilterContextCustomizer@50b8ae8d, org.springframework.boot.test.json.DuplicateJsonObjectContextCustomizerFactory$DuplicateJsonObjectContextCustomizer@40e4ea87, org.springframework.boot.test.mock.mockito.MockitoContextCustomizer@0, org.springframework.boot.test.web.client.TestRestTemplateContextCustomizer@3abd581e, org.springframework.boot.test.web.reactive.server.WebTestClientContextCustomizer@4ced35ed, org.springframework.boot.test.web.reactor.netty.DisableReactorResourceFactoryGlobalResourcesContextCustomizerFactory$DisableReactorResourceFactoryGlobalResourcesContextCustomizerCustomizer@2b27cc70, org.springframework.test.context.support.DynamicPropertiesContextCustomizer@ee44f27, org.springframework.boot.test.context.SpringBootTestAnnotation@2717c560], contextLoader = org.springframework.boot.test.context.SpringBootContextLoader, parent = null]","time":{"start":1769906131373,"stop":1769906131374,"duration":1}},{"uid":"5b7218a1ac17c54d","reportUrl":"https://MindIgnited.github.io/structures/allure/696/#testresult/5b7218a1ac17c54d","status":"broken","statusDetails":"ApplicationContext failure threshold (1) exceeded: skipping repeated attempt to load context for [ReactiveWebMergedContextConfiguration@6f8281e6 testClass = org.mindignited.structures.structure.StructureCrudTests, locations = [], classes = [org.mindignited.structures.StructuresTestApplication], contextInitializerClasses = [], activeProfiles = [], propertySourceDescriptors = [], propertySourceProperties = [\"org.springframework.boot.test.context.SpringBootTestContextBootstrapper=true\"], contextCustomizers = [org.springframework.boot.test.autoconfigure.OnFailureConditionReportContextCustomizerFactory$OnFailureConditionReportContextCustomizer@2d0566ba, org.springframework.boot.test.autoconfigure.actuate.observability.ObservabilityContextCustomizerFactory$DisableObservabilityContextCustomizer@1f, org.springframework.boot.test.autoconfigure.properties.PropertyMappingContextCustomizer@0, org.springframework.boot.test.autoconfigure.web.servlet.WebDriverContextCustomizer@3abd581e, org.springframework.boot.test.context.filter.ExcludeFilterContextCustomizer@1e392345, org.springframework.boot.test.json.DuplicateJsonObjectContextCustomizerFactory$DuplicateJsonObjectContextCustomizer@74d7184a, org.springframework.boot.test.mock.mockito.MockitoContextCustomizer@0, org.springframework.boot.test.web.client.TestRestTemplateContextCustomizer@4acf72b6, org.springframework.boot.test.web.reactive.server.WebTestClientContextCustomizer@5af5def9, org.springframework.boot.test.web.reactor.netty.DisableReactorResourceFactoryGlobalResourcesContextCustomizerFactory$DisableReactorResourceFactoryGlobalResourcesContextCustomizerCustomizer@26f143ed, org.springframework.test.context.support.DynamicPropertiesContextCustomizer@ee44f27, org.springframework.boot.test.context.SpringBootTestAnnotation@a04826ca], contextLoader = org.springframework.boot.test.context.SpringBootContextLoader, parent = null]","time":{"start":1769754007814,"stop":1769754007814,"duration":0}},{"uid":"6cf16c26fc93d197","reportUrl":"https://MindIgnited.github.io/structures/allure/681/#testresult/6cf16c26fc93d197","status":"passed","time":{"start":1768117472286,"stop":1768117472360,"duration":74}},{"uid":"fdc2c30e05e1fd32","reportUrl":"https://MindIgnited.github.io/structures/allure/680/#testresult/fdc2c30e05e1fd32","status":"passed","time":{"start":1768116385827,"stop":1768116385860,"duration":33}},{"uid":"f21ec98c6f68155c","reportUrl":"https://MindIgnited.github.io/structures/allure/679/#testresult/f21ec98c6f68155c","status":"passed","time":{"start":1768113582703,"stop":1768113582747,"duration":44}},{"uid":"5a32e13befdcdf3","reportUrl":"https://MindIgnited.github.io/structures/allure/678/#testresult/5a32e13befdcdf3","status":"passed","time":{"start":1768108910736,"stop":1768108910773,"duration":37}},{"uid":"61494b8ec9e308b8","reportUrl":"https://MindIgnited.github.io/structures/allure/670/#testresult/61494b8ec9e308b8","status":"failed","statusDetails":"expectation \"expectNextMatches\" failed (expected: onNext(); actual: onError(co.elastic.clients.transport.TransportException: node: http://localhost:32769/, status: 200, [es/get] Failed to decode response))","time":{"start":1768102007719,"stop":1768102007762,"duration":43}}]},"tags":[]},"source":"dd187aee11b7d06.json","parameterValues":[]}